{"numFailedTestSuites":0,"numFailedTests":0,"numPassedTestSuites":1,"numPassedTests":1,"numPendingTestSuites":0,"numPendingTests":0,"numRuntimeErrorTestSuites":0,"numTodoTests":0,"numTotalTestSuites":1,"numTotalTests":1,"openHandles":[],"snapshot":{"added":0,"didUpdate":false,"failure":false,"filesAdded":0,"filesRemoved":0,"filesRemovedList":[],"filesUnmatched":0,"filesUpdated":0,"matched":0,"total":0,"unchecked":0,"uncheckedKeysByFile":[],"unmatched":0,"updated":0},"startTime":1640607833169,"success":true,"testResults":[{"assertionResults":[{"ancestorTitles":["Test Suite for Sum"],"failureMessages":[],"fullName":"Test Suite for Sum should return sum of 2 numbers","location":null,"status":"passed","title":"should return sum of 2 numbers"}],"endTime":1640607833657,"message":"","name":"/Users/prabhas.joshi/code/jest-danger-threshold-check/sum.test.js","startTime":1640607833219,"status":"passed","summary":""}],"wasInterrupted":false,"coverageMap":{"/Users/prabhas.joshi/code/jest-danger-threshold-check/new-non-test.js":{"path":"/Users/prabhas.joshi/code/jest-danger-threshold-check/new-non-test.js","statementMap":{"0":{"start":{"line":2,"column":17},"end":{"line":2,"column":30}},"1":{"start":{"line":2,"column":27},"end":{"line":2,"column":30}}},"fnMap":{"0":{"name":"(anonymous_0)","decl":{"start":{"line":2,"column":17},"end":{"line":2,"column":18}},"loc":{"start":{"line":2,"column":27},"end":{"line":2,"column":30}},"line":2}},"branchMap":{},"s":{"0":1,"1":0},"f":{"0":0},"b":{},"_coverageSchema":"1a1c01bbd47fc00a2c39e90264f33305004495a9","hash":"f182c1055704f46b3a67410138f96ac1c7074338"},"/Users/prabhas.joshi/code/jest-danger-threshold-check/sum.js":{"path":"/Users/prabhas.joshi/code/jest-danger-threshold-check/sum.js","statementMap":{"0":{"start":{"line":2,"column":12},"end":{"line":4,"column":1}},"1":{"start":{"line":3,"column":2},"end":{"line":3,"column":12}},"2":{"start":{"line":6,"column":13},"end":{"line":8,"column":1}},"3":{"start":{"line":7,"column":2},"end":{"line":7,"column":14}},"4":{"start":{"line":10,"column":10},"end":{"line":10,"column":11}}},"fnMap":{"0":{"name":"(anonymous_0)","decl":{"start":{"line":2,"column":12},"end":{"line":2,"column":13}},"loc":{"start":{"line":2,"column":22},"end":{"line":4,"column":1}},"line":2},"1":{"name":"(anonymous_1)","decl":{"start":{"line":6,"column":13},"end":{"line":6,"column":14}},"loc":{"start":{"line":6,"column":24},"end":{"line":8,"column":1}},"line":6}},"branchMap":{},"s":{"0":1,"1":1,"2":1,"3":0,"4":1},"f":{"0":1,"1":0},"b":{},"_coverageSchema":"1a1c01bbd47fc00a2c39e90264f33305004495a9","hash":"33b8b27a9333cbc458e6c70c1140684c3a5c79c7"},"/Users/prabhas.joshi/code/jest-danger-threshold-check/jest.config.js":{"path":"/Users/prabhas.joshi/code/jest-danger-threshold-check/jest.config.js","statementMap":{},"fnMap":{},"branchMap":{},"s":{},"f":{},"b":{}},"/Users/prabhas.joshi/code/jest-danger-threshold-check/dangerfile.js":{"path":"/Users/prabhas.joshi/code/jest-danger-threshold-check/dangerfile.js","statementMap":{"0":{"start":{"line":3,"column":19},"end":{"line":3,"column":55}},"1":{"start":{"line":4,"column":0},"end":{"line":4,"column":56}}},"fnMap":{},"branchMap":{},"s":{"0":0,"1":0},"f":{},"b":{}}}}