{"numFailedTestSuites":0,"numFailedTests":0,"numPassedTestSuites":1,"numPassedTests":2,"numPendingTestSuites":0,"numPendingTests":0,"numRuntimeErrorTestSuites":0,"numTodoTests":0,"numTotalTestSuites":1,"numTotalTests":2,"openHandles":[],"snapshot":{"added":0,"didUpdate":false,"failure":false,"filesAdded":0,"filesRemoved":0,"filesRemovedList":[],"filesUnmatched":0,"filesUpdated":0,"matched":0,"total":0,"unchecked":0,"uncheckedKeysByFile":[],"unmatched":0,"updated":0},"startTime":1640932792621,"success":true,"testResults":[{"assertionResults":[{"ancestorTitles":["Test Suite for Sum"],"failureMessages":[],"fullName":"Test Suite for Sum should return sum of 2 numbers","location":{"column":3,"line":4},"status":"passed","title":"should return sum of 2 numbers"},{"ancestorTitles":["Test Suite for Sum"],"failureMessages":[],"fullName":"Test Suite for Sum should return sum of 2 numbers","location":{"column":3,"line":8},"status":"passed","title":"should return sum of 2 numbers"}],"endTime":1640932793477,"message":"","name":"/Users/prabhas.joshi/code/jest-danger-threshold-check/src/sum.test.js","startTime":1640932792694,"status":"passed","summary":""}],"wasInterrupted":false,"coverageMap":{"/Users/prabhas.joshi/code/jest-danger-threshold-check/src/sum.js":{"path":"/Users/prabhas.joshi/code/jest-danger-threshold-check/src/sum.js","statementMap":{"0":{"start":{"line":2,"column":10},"end":{"line":2,"column":11}},"1":{"start":{"line":3,"column":11},"end":{"line":3,"column":15}},"2":{"start":{"line":5,"column":13},"end":{"line":7,"column":1}},"3":{"start":{"line":6,"column":2},"end":{"line":6,"column":19}},"4":{"start":{"line":9,"column":12},"end":{"line":11,"column":1}},"5":{"start":{"line":10,"column":2},"end":{"line":10,"column":15}}},"fnMap":{"0":{"name":"(anonymous_0)","decl":{"start":{"line":5,"column":13},"end":{"line":5,"column":14}},"loc":{"start":{"line":5,"column":26},"end":{"line":7,"column":1}},"line":5},"1":{"name":"(anonymous_1)","decl":{"start":{"line":9,"column":12},"end":{"line":9,"column":13}},"loc":{"start":{"line":9,"column":22},"end":{"line":11,"column":1}},"line":9}},"branchMap":{},"s":{"0":1,"1":1,"2":1,"3":0,"4":1,"5":2},"f":{"0":0,"1":2},"b":{},"_coverageSchema":"1a1c01bbd47fc00a2c39e90264f33305004495a9","hash":"ec258b09e55fcb61452869c14c5b0a586b24c046"},"/Users/prabhas.joshi/code/jest-danger-threshold-check/src/subtract.js":{"path":"/Users/prabhas.joshi/code/jest-danger-threshold-check/src/subtract.js","statementMap":{"0":{"start":{"line":1,"column":17},"end":{"line":3,"column":1}},"1":{"start":{"line":2,"column":2},"end":{"line":2,"column":15}},"2":{"start":{"line":5,"column":18},"end":{"line":5,"column":40}},"3":{"start":{"line":5,"column":31},"end":{"line":5,"column":40}}},"fnMap":{"0":{"name":"(anonymous_0)","decl":{"start":{"line":1,"column":17},"end":{"line":1,"column":18}},"loc":{"start":{"line":1,"column":27},"end":{"line":3,"column":1}},"line":1},"1":{"name":"(anonymous_1)","decl":{"start":{"line":5,"column":18},"end":{"line":5,"column":19}},"loc":{"start":{"line":5,"column":31},"end":{"line":5,"column":40}},"line":5}},"branchMap":{},"s":{"0":0,"1":0,"2":0,"3":0},"f":{"0":0,"1":0},"b":{}},"/Users/prabhas.joshi/code/jest-danger-threshold-check/src/subtract-2.js":{"path":"/Users/prabhas.joshi/code/jest-danger-threshold-check/src/subtract-2.js","statementMap":{"0":{"start":{"line":1,"column":18},"end":{"line":5,"column":1}},"1":{"start":{"line":2,"column":2},"end":{"line":4,"column":26}},"2":{"start":{"line":3,"column":4},"end":{"line":3,"column":17}},"3":{"start":{"line":4,"column":9},"end":{"line":4,"column":26}}},"fnMap":{"0":{"name":"(anonymous_0)","decl":{"start":{"line":1,"column":18},"end":{"line":1,"column":19}},"loc":{"start":{"line":1,"column":31},"end":{"line":5,"column":1}},"line":1}},"branchMap":{"0":{"loc":{"start":{"line":2,"column":2},"end":{"line":4,"column":26}},"type":"if","locations":[{"start":{"line":2,"column":2},"end":{"line":4,"column":26}},{"start":{"line":4,"column":9},"end":{"line":4,"column":26}}],"line":2}},"s":{"0":0,"1":0,"2":0,"3":0},"f":{"0":0},"b":{"0":[0,0]}},"/Users/prabhas.joshi/code/jest-danger-threshold-check/src/multiply.js":{"path":"/Users/prabhas.joshi/code/jest-danger-threshold-check/src/multiply.js","statementMap":{"0":{"start":{"line":1,"column":17},"end":{"line":5,"column":1}},"1":{"start":{"line":2,"column":2},"end":{"line":4,"column":22}},"2":{"start":{"line":3,"column":4},"end":{"line":3,"column":13}},"3":{"start":{"line":4,"column":9},"end":{"line":4,"column":22}}},"fnMap":{"0":{"name":"(anonymous_0)","decl":{"start":{"line":1,"column":17},"end":{"line":1,"column":18}},"loc":{"start":{"line":1,"column":27},"end":{"line":5,"column":1}},"line":1}},"branchMap":{"0":{"loc":{"start":{"line":2,"column":2},"end":{"line":4,"column":22}},"type":"if","locations":[{"start":{"line":2,"column":2},"end":{"line":4,"column":22}},{"start":{"line":4,"column":9},"end":{"line":4,"column":22}}],"line":2},"1":{"loc":{"start":{"line":2,"column":6},"end":{"line":2,"column":24}},"type":"binary-expr","locations":[{"start":{"line":2,"column":6},"end":{"line":2,"column":13}},{"start":{"line":2,"column":17},"end":{"line":2,"column":24}}],"line":2}},"s":{"0":0,"1":0,"2":0,"3":0},"f":{"0":0},"b":{"0":[0,0],"1":[0,0]}}}}