{"/Users/prabhas.joshi/code/jest-danger-threshold-check/dangerfile.js": {"path":"/Users/prabhas.joshi/code/jest-danger-threshold-check/dangerfile.js","statementMap":{"0":{"start":{"line":5,"column":19},"end":{"line":5,"column":55}},"1":{"start":{"line":6,"column":0},"end":{"line":6,"column":56}},"2":{"start":{"line":9,"column":0},"end":{"line":9,"column":15}}},"fnMap":{},"branchMap":{},"s":{"0":0,"1":0,"2":0},"f":{},"b":{}}
,"/Users/prabhas.joshi/code/jest-danger-threshold-check/jest.config.js": {"path":"/Users/prabhas.joshi/code/jest-danger-threshold-check/jest.config.js","statementMap":{},"fnMap":{},"branchMap":{},"s":{},"f":{},"b":{}}
,"/Users/prabhas.joshi/code/jest-danger-threshold-check/new-non-test.js": {"path":"/Users/prabhas.joshi/code/jest-danger-threshold-check/new-non-test.js","statementMap":{"0":{"start":{"line":2,"column":17},"end":{"line":2,"column":30}},"1":{"start":{"line":2,"column":27},"end":{"line":2,"column":30}}},"fnMap":{"0":{"name":"(anonymous_0)","decl":{"start":{"line":2,"column":17},"end":{"line":2,"column":18}},"loc":{"start":{"line":2,"column":27},"end":{"line":2,"column":30}},"line":2}},"branchMap":{},"s":{"0":1,"1":0},"f":{"0":0},"b":{},"_coverageSchema":"1a1c01bbd47fc00a2c39e90264f33305004495a9","hash":"f182c1055704f46b3a67410138f96ac1c7074338"}
,"/Users/prabhas.joshi/code/jest-danger-threshold-check/sum.js": {"path":"/Users/prabhas.joshi/code/jest-danger-threshold-check/sum.js","statementMap":{"0":{"start":{"line":2,"column":12},"end":{"line":4,"column":1}},"1":{"start":{"line":3,"column":2},"end":{"line":3,"column":12}},"2":{"start":{"line":6,"column":13},"end":{"line":8,"column":1}},"3":{"start":{"line":7,"column":2},"end":{"line":7,"column":14}},"4":{"start":{"line":10,"column":10},"end":{"line":10,"column":11}}},"fnMap":{"0":{"name":"(anonymous_0)","decl":{"start":{"line":2,"column":12},"end":{"line":2,"column":13}},"loc":{"start":{"line":2,"column":22},"end":{"line":4,"column":1}},"line":2},"1":{"name":"(anonymous_1)","decl":{"start":{"line":6,"column":13},"end":{"line":6,"column":14}},"loc":{"start":{"line":6,"column":24},"end":{"line":8,"column":1}},"line":6}},"branchMap":{},"s":{"0":1,"1":1,"2":1,"3":0,"4":1},"f":{"0":1,"1":0},"b":{},"_coverageSchema":"1a1c01bbd47fc00a2c39e90264f33305004495a9","hash":"33b8b27a9333cbc458e6c70c1140684c3a5c79c7"}
}
